<?xml version="1.0" encoding="UTF-8"?>
<testsuite name="ase.cwk1.RobotTest" tests="2" skipped="0" failures="0" errors="0" timestamp="2021-10-31T11:18:26" hostname="MacBook-Pro-5.local" time="0.044">
  <properties/>
  <testcase name="moveItem()" classname="ase.cwk1.RobotTest" time="0.037"/>
  <testcase name="initialConfiguration()" classname="ase.cwk1.RobotTest" time="0.004"/>
  <system-out><![CDATA[]]></system-out>
  <system-err><![CDATA[]]></system-err>
</testsuite>
