<?xml version="1.0" encoding="UTF-8"?>
<testsuite name="ase.cwk1.ReportTest" tests="1" skipped="0" failures="0" errors="0" timestamp="2021-10-31T11:18:26" hostname="MacBook-Pro-5.local" time="0.013">
  <properties/>
  <testcase name="printReport()" classname="ase.cwk1.ReportTest" time="0.013"/>
  <system-out><![CDATA[]]></system-out>
  <system-err><![CDATA[]]></system-err>
</testsuite>
